{
  "RSpec": {
    "coverage": {
      "/Users/aditya/Work/game-of-life-16ul/lib/game_of_life.rb": [
        1,
        null,
        1
      ],
      "/Users/aditya/Work/game-of-life-16ul/lib/game_of_life/world.rb": [
        1,
        null,
        1,
        1,
        null,
        null,
        1,
        1,
        3,
        null,
        null,
        1,
        3,
        1,
        null,
        2,
        null,
        null,
        null,
        null
      ],
      "/Users/aditya/Work/game-of-life-16ul/spec/game_of_life/world_spec.rb": [
        1,
        null,
        1,
        1,
        1,
        1,
        1,
        null,
        null,
        1,
        1,
        1,
        null,
        null,
        1,
        1,
        1,
        null,
        null,
        null
      ]
    },
    "timestamp": 1437020722
  }
}
